This file contains any messages produced by compilers while
running configure, to aid debugging if configure makes a mistake.

It was created by Giella crk configure 0.2.0, which was
generated by GNU Autoconf 2.71.  Invocation command line was

  $ ./configure --no-create --no-recursion

## --------- ##
## Platform. ##
## --------- ##

hostname = MacBook-Air-3.local
uname -m = arm64
uname -r = 22.4.0
uname -s = Darwin
uname -v = Darwin Kernel Version 22.4.0: Mon Mar  6 21:00:41 PST 2023; root:xnu-8796.101.5~3/RELEASE_ARM64_T8103

/usr/bin/uname -p = arm
/bin/uname -X     = unknown

/bin/arch              = unknown
/usr/bin/arch -k       = unknown
/usr/convex/getsysinfo = unknown
/usr/bin/hostinfo      = Mach kernel version:
	 Darwin Kernel Version 22.4.0: Mon Mar  6 21:00:41 PST 2023; root:xnu-8796.101.5~3/RELEASE_ARM64_T8103
Kernel configured for up to 8 processors.
8 processors are physically available.
8 processors are logically available.
Processor type: arm64e (ARM64E)
Processors active: 0 1 2 3 4 5 6 7
Primary memory available: 16.00 gigabytes
Default processor set: 556 tasks, 3758 threads, 8 processors
Load average: 16.71, Mach factor: 0.58
/bin/machine           = unknown
/usr/bin/oslevel       = unknown
/bin/universe          = unknown

PATH: /Users/giovanniroversi/.gem/ruby/3.1.3/bin/
PATH: /Users/giovanniroversi/.rubies/ruby-3.1.3/lib/ruby/gems/3.1.0/bin/
PATH: /Users/giovanniroversi/.rubies/ruby-3.1.3/bin/
PATH: /opt/homebrew/opt/icu4c/sbin/
PATH: /opt/homebrew/opt/icu4c/bin/
PATH: /Users/giovanniroversi/.pyenv/shims/
PATH: /opt/homebrew/bin/
PATH: /opt/homebrew/sbin/
PATH: /usr/bin/
PATH: /bin/
PATH: /usr/sbin/
PATH: /sbin/
PATH: /usr/local/bin/
PATH: /usr/X11/bin/


## ----------- ##
## Core tests. ##
## ----------- ##

configure:2116: looking for aux files: config.guess config.sub missing install-sh
configure:2129:  trying ./build-aux/
configure:2158:   ./build-aux/config.guess found
configure:2158:   ./build-aux/config.sub found
configure:2158:   ./build-aux/missing found
configure:2140:   ./build-aux/install-sh found
configure:2293: checking for a BSD-compatible install
configure:2366: result: /usr/bin/install -c
configure:2377: checking whether build environment is sane
configure:2432: result: yes
configure:2591: checking for a race-free mkdir -p
configure:2635: result: ./build-aux/install-sh -c -d
configure:2642: checking for gawk
configure:2663: found /opt/homebrew/bin/gawk
configure:2674: result: gawk
configure:2685: checking whether make sets $(MAKE)
configure:2708: result: yes
configure:2738: checking whether make supports nested variables
configure:2756: result: yes
configure:2831: checking how to create a pax tar archive
configure:2842: tar --version
bsdtar 3.5.3 - libarchive 3.5.3 zlib/1.2.11 liblzma/5.0.5 bz2lib/1.0.8 
configure:2845: $? = 0
configure:2885: tardir=conftest.dir && eval tar --format=posix -chf - "$tardir" >conftest.tar
configure:2888: $? = 0
configure:2892: tar -xf - <conftest.tar
configure:2895: $? = 0
configure:2897: cat conftest.dir/file
GrepMe
configure:2900: $? = 0
configure:2914: result: gnutar
configure:2990: checking whether make supports nested variables
configure:3008: result: yes
configure:3219: checking build system type
configure:3234: result: aarch64-apple-darwin22.4.0
configure:3254: checking host system type
configure:3268: result: aarch64-apple-darwin22.4.0
configure:3292: checking for gt-core.sh
configure:3315: found /usr/local/bin/gt-core.sh
configure:3328: result: /usr/local/bin/gt-core.sh
configure:3370: checking whether we can set GIELLA_CORE
configure:3405: result: /Users/giovanniroversi/Documents/Scuola/Research/GiellaT/langtech_PMQ_TEST/lang-crk/./../giella-core
configure:3437: checking for gt-version.sh
configure:3460: found /Users/giovanniroversi/Documents/Scuola/Research/GiellaT/langtech_PMQ_TEST/lang-crk/./../giella-core/scripts/gt-version.sh
configure:3473: result: /Users/giovanniroversi/Documents/Scuola/Research/GiellaT/langtech_PMQ_TEST/lang-crk/./../giella-core/scripts/gt-version.sh
configure:3481: checking the version of the Giella Core
configure:3490: result: 0.18.2-$
configure:3493: checking whether the Giella Core version is at least 0.18.2
configure:3534: result: yes
configure:3547: checking for bc
configure:3570: found /usr/bin/bc
configure:3583: result: /usr/bin/bc
configure:3640: checking for a Python interpreter with version >= 3.5
configure:3658: python -c import sys # split strings by '.' and convert to numeric. Append some zeros # because we need at least 4 digits for the hex conversion. # map returns an iterator in Python 3.0 and a list in 2.x minver = list(map(int, '3.5'.split('.'))) + [0, 0, 0] minverhex = 0 # xrange is not present in Python 3.0 and range returns an iterator for i in list(range(0, 4)): minverhex = (minverhex << 8) + minver[i] sys.exit(sys.hexversion < minverhex)
configure:3661: $? = 0
configure:3668: result: python
configure:3676: checking for python
configure:3699: found /Users/giovanniroversi/.pyenv/shims/python
configure:3711: result: /Users/giovanniroversi/.pyenv/shims/python
configure:3728: checking for python version
configure:3736: result: 3.11
configure:3741: checking for python platform
configure:3749: result: darwin
configure:3810: checking for GNU default python prefix
configure:3812: result: ${prefix}
configure:3878: checking for GNU default python exec_prefix
configure:3880: result: ${exec_prefix}
configure:3911: checking for python script directory (pythondir)
configure:3946: result: ${PYTHON_PREFIX}/lib/python3.11/site-packages
configure:3954: checking for python extension module directory (pyexecdir)
configure:3989: result: ${PYTHON_EXEC_PREFIX}/lib/python3.11/site-packages
configure:4006: checking python module: yaml
configure:4015: result: no
configure:4026: checking whether to enable yaml-based test
configure:4040: result: no, yaml is missing
configure:4063: checking for awk that supports gensub
configure:4102: result: /opt/homebrew/bin/gawk
configure:4108: checking for sed that supports newlines and pipes
configure:4147: result: /usr/bin/sed
configure:4155: checking for uconv
configure:4178: found /opt/homebrew/opt/icu4c/bin/uconv
configure:4191: result: /opt/homebrew/opt/icu4c/bin/uconv
configure:4221: checking for forrest
configure:4259: result: no
configure:4264: checking whether to do forrest validation of in-source documentation
configure:4293: result: no
configure:4316: checking for npm
configure:4339: found /usr/local/bin/npm
configure:4351: result: /usr/local/bin/npm
configure:4361: checking for R
configure:4384: found /usr/local/bin/R
configure:4396: result: /usr/local/bin/R
configure:4415: checking for accuracy
configure:4453: result: no
configure:4471: checking for onmt_build_vocab
configure:4509: result: no
configure:4516: checking for onmt_train
configure:4554: result: no
configure:4563: checking for rsync
configure:4586: found /usr/bin/rsync
configure:4599: result: /usr/bin/rsync
configure:4609: checking for wget
configure:4645: result: no
configure:4691: checking for opendiff
configure:4714: found /usr/bin/opendiff
configure:4726: result: /usr/bin/opendiff
configure:4922: checking for see
configure:4960: result: no
configure:4969: checking for divvun-validate-suggest
configure:4992: found /usr/local/bin/divvun-validate-suggest
configure:5005: result: /usr/local/bin/divvun-validate-suggest
configure:5016: checking for divvun-checker
configure:5039: found /usr/local/bin/divvun-checker
configure:5052: result: /usr/local/bin/divvun-checker
configure:5075: checking for printf
configure:5098: found /usr/bin/printf
configure:5111: result: /usr/bin/printf
configure:5121: checking for xfst
configure:5157: result: false
configure:5167: checking for twolc
configure:5203: result: false
configure:5213: checking for lexc
configure:5249: result: false
configure:5259: checking for lookup
configure:5295: result: false
configure:5303: checking whether to enable xfst building
configure:5321: result: no
configure:5358: checking for printf
configure:5394: result: /usr/bin/printf
configure:5404: checking for foma
configure:5427: found /usr/local/bin/foma
configure:5440: result: /usr/local/bin/foma
configure:5450: checking for flookup
configure:5473: found /usr/local/bin/flookup
configure:5486: result: /usr/local/bin/flookup
configure:5496: checking for cgflookup
configure:5519: found /usr/local/bin/cgflookup
configure:5532: result: /usr/local/bin/cgflookup
configure:5540: checking whether to enable foma building
configure:5557: result: no
configure:5618: checking for hfst-compose
configure:5641: found /usr/local/bin/hfst-compose
configure:5654: result: /usr/local/bin/hfst-compose
configure:5664: checking for hfst-compose-intersect
configure:5687: found /usr/local/bin/hfst-compose-intersect
configure:5700: result: /usr/local/bin/hfst-compose-intersect
configure:5710: checking for hfst-concatenate
configure:5733: found /usr/local/bin/hfst-concatenate
configure:5746: result: /usr/local/bin/hfst-concatenate
configure:5756: checking for hfst-conjunct
configure:5779: found /usr/local/bin/hfst-conjunct
configure:5792: result: /usr/local/bin/hfst-conjunct
configure:5802: checking for hfst-determinize
configure:5825: found /usr/local/bin/hfst-determinize
configure:5838: result: /usr/local/bin/hfst-determinize
configure:5848: checking for hfst-disjunct
configure:5871: found /usr/local/bin/hfst-disjunct
configure:5884: result: /usr/local/bin/hfst-disjunct
configure:5894: checking for hfst-foma
configure:5930: result: false
configure:5940: checking for hfst-fst2fst
configure:5963: found /usr/local/bin/hfst-fst2fst
configure:5976: result: /usr/local/bin/hfst-fst2fst
configure:5986: checking for hfst-fst2strings
configure:6009: found /usr/local/bin/hfst-fst2strings
configure:6022: result: /usr/local/bin/hfst-fst2strings
configure:6032: checking for hfst-fst2txt
configure:6055: found /usr/local/bin/hfst-fst2txt
configure:6068: result: /usr/local/bin/hfst-fst2txt
configure:6078: checking for hfst-info
configure:6101: found /usr/local/bin/hfst-info
configure:6114: result: /usr/local/bin/hfst-info
configure:6124: checking for hfst-intersect
configure:6147: found /usr/local/bin/hfst-intersect
configure:6160: result: /usr/local/bin/hfst-intersect
configure:6170: checking for hfst-invert
configure:6193: found /usr/local/bin/hfst-invert
configure:6206: result: /usr/local/bin/hfst-invert
configure:6216: checking for hfst-lexc
configure:6239: found /usr/local/bin/hfst-lexc
configure:6252: result: /usr/local/bin/hfst-lexc
configure:6262: checking for hfst-lookup
configure:6285: found /usr/local/bin/hfst-lookup
configure:6298: result: /usr/local/bin/hfst-lookup
configure:6308: checking for hfst-minimize
configure:6331: found /usr/local/bin/hfst-minimize
configure:6344: result: /usr/local/bin/hfst-minimize
configure:6354: checking for hfst-minus
configure:6377: found /usr/local/bin/hfst-minus
configure:6390: result: /usr/local/bin/hfst-minus
configure:6400: checking for hfst-multiply
configure:6423: found /usr/local/bin/hfst-multiply
configure:6436: result: /usr/local/bin/hfst-multiply
configure:6446: checking for hfst-name
configure:6469: found /usr/local/bin/hfst-name
configure:6482: result: /usr/local/bin/hfst-name
configure:6492: checking for hfst-optimized-lookup
configure:6515: found /usr/local/bin/hfst-optimized-lookup
configure:6528: result: /usr/local/bin/hfst-optimized-lookup
configure:6538: checking for hfst-pair-test
configure:6561: found /usr/local/bin/hfst-pair-test
configure:6574: result: /usr/local/bin/hfst-pair-test
configure:6584: checking for hfst-proc
configure:6607: found /usr/local/bin/hfst-proc
configure:6620: result: /usr/local/bin/hfst-proc
configure:6630: checking for hfst-pmatch2fst
configure:6653: found /usr/local/bin/hfst-pmatch2fst
configure:6666: result: /usr/local/bin/hfst-pmatch2fst
configure:6676: checking for hfst-project
configure:6699: found /usr/local/bin/hfst-project
configure:6712: result: /usr/local/bin/hfst-project
configure:6722: checking for hfst-prune-alphabet
configure:6745: found /usr/local/bin/hfst-prune-alphabet
configure:6758: result: /usr/local/bin/hfst-prune-alphabet
configure:6768: checking for hfst-push-weights
configure:6791: found /usr/local/bin/hfst-push-weights
configure:6804: result: /usr/local/bin/hfst-push-weights
configure:6814: checking for hfst-regexp2fst
configure:6837: found /usr/local/bin/hfst-regexp2fst
configure:6850: result: /usr/local/bin/hfst-regexp2fst
configure:6860: checking for hfst-remove-epsilons
configure:6883: found /usr/local/bin/hfst-remove-epsilons
configure:6896: result: /usr/local/bin/hfst-remove-epsilons
configure:6906: checking for hfst-repeat
configure:6929: found /usr/local/bin/hfst-repeat
configure:6942: result: /usr/local/bin/hfst-repeat
configure:6952: checking for hfst-reverse
configure:6975: found /usr/local/bin/hfst-reverse
configure:6988: result: /usr/local/bin/hfst-reverse
configure:6998: checking for hfst-reweight
configure:7021: found /usr/local/bin/hfst-reweight
configure:7034: result: /usr/local/bin/hfst-reweight
configure:7044: checking for hfst-split
configure:7067: found /usr/local/bin/hfst-split
configure:7080: result: /usr/local/bin/hfst-split
configure:7090: checking for hfst-strings2fst
configure:7113: found /usr/local/bin/hfst-strings2fst
configure:7126: result: /usr/local/bin/hfst-strings2fst
configure:7136: checking for hfst-substitute
configure:7159: found /usr/local/bin/hfst-substitute
configure:7172: result: /usr/local/bin/hfst-substitute
configure:7182: checking for hfst-subtract
configure:7205: found /usr/local/bin/hfst-subtract
configure:7218: result: /usr/local/bin/hfst-subtract
configure:7228: checking for hfst-summarize
configure:7251: found /usr/local/bin/hfst-summarize
configure:7264: result: /usr/local/bin/hfst-summarize
configure:7274: checking for hfst-tokenize
configure:7297: found /usr/local/bin/hfst-tokenize
configure:7310: result: /usr/local/bin/hfst-tokenize
configure:7320: checking for hfst-twolc
configure:7343: found /usr/local/bin/hfst-twolc
configure:7356: result: /usr/local/bin/hfst-twolc
configure:7366: checking for hfst-txt2fst
configure:7389: found /usr/local/bin/hfst-txt2fst
configure:7402: result: /usr/local/bin/hfst-txt2fst
configure:7412: checking for hfst-xfst
configure:7435: found /usr/local/bin/hfst-xfst
configure:7448: result: /usr/local/bin/hfst-xfst
configure:7460: checking for hfst-ospell
configure:7483: found /usr/local/bin/hfst-ospell
configure:7496: result: /usr/local/bin/hfst-ospell
configure:7509: checking whether hfst is at least 3.16.0 and has the required tools
configure:7529: result: yes
configure:7617: checking for voikkospell
configure:7653: result: false
configure:7663: checking for voikkohyphenate
configure:7699: result: false
configure:7709: checking for voikkogc
configure:7745: result: false
configure:7755: checking for voikkovfstc
configure:7791: result: false
configure:7799: checking whether to enable voikko building
configure:7817: result: no
configure:7841: checking for vislcg3
configure:7864: found /usr/local/bin/vislcg3
configure:7877: result: /usr/local/bin/vislcg3
configure:7887: checking for cg-comp
configure:7910: found /usr/local/bin/cg-comp
configure:7923: result: /usr/local/bin/cg-comp
configure:7933: checking for cg-relabel
configure:7956: found /usr/local/bin/cg-relabel
configure:7969: result: /usr/local/bin/cg-relabel
configure:7979: checking for cg-mwesplit
configure:8002: found /usr/local/bin/cg-mwesplit
configure:8015: result: /usr/local/bin/cg-mwesplit
configure:8028: checking whether vislcg3 is at least 1.0.0
configure:8064: result: yes - 1.4.3.13896
configure:8077: checking whether we can enable vislcg3 targets
configure:8081: result: yes
configure:8109: checking for saxonb-xslt
configure:8145: result: false
configure:8155: checking for java
configure:8178: found /usr/bin/java
configure:8191: result: /usr/bin/java
configure:8200: checking for /Users/giovanniroversi/lib/saxon9he.jar
configure:8215: result: no
configure:8223: checking for /Users/giovanniroversi/lib/saxon9.jar
configure:8238: result: no
configure:8245: checking for /opt/local/share/java/saxon9he.jar
configure:8259: result: yes
configure:8326: checking whether the Saxon JAR is at least 8.0
configure:8361: result: yes - 9.5.1.1
configure:8374: checking whether we can enable xslt2 transformations
configure:8401: result: yes
configure:8428: checking for zip
configure:8451: found /usr/bin/zip
configure:8464: result: /usr/bin/zip
configure:8474: checking for gzip
configure:8497: found /usr/bin/gzip
configure:8510: result: /usr/bin/gzip
configure:8522: checking for tar
configure:8545: found /usr/bin/tar
configure:8557: result: /usr/bin/tar
configure:8571: checking for patgen
configure:8607: result: false
configure:8617: checking for perl
configure:8640: found /usr/bin/perl
configure:8653: result: /usr/bin/perl
configure:8663: checking for xz
configure:8686: found /opt/homebrew/bin/xz
configure:8699: result: /opt/homebrew/bin/xz
configure:9507: checking whether we can use shared common
configure:9542: result: /Users/giovanniroversi/Documents/Scuola/Research/GiellaT/langtech_PMQ_TEST/lang-crk/./../shared-mul
configure:9762: checking that generated files are newer than configure
configure:9768: result: done
configure:10004: creating ./config.status
configure:11230: WARNING: YAML testing could not be automatically enabled. To enable it, on MacOSX please do:

sudo port install python38 py38-pip
sudo pip-3.8 install PyYAML

3.8 may be newer in the future.
On other systems, install python 3 and the corresponding py-yaml using suitable tools for those systems.

## ---------------- ##
## Cache variables. ##
## ---------------- ##

ac_cv_build=aarch64-apple-darwin22.4.0
ac_cv_env_GIELLA_CORE_set=
ac_cv_env_GIELLA_CORE_value=
ac_cv_env_GTCORE_set=
ac_cv_env_GTCORE_value=
ac_cv_env_PYTHON_set=
ac_cv_env_PYTHON_value=
ac_cv_env_build_alias_set=
ac_cv_env_build_alias_value=
ac_cv_env_gt_SHARED_common_set=
ac_cv_env_gt_SHARED_common_value=
ac_cv_env_host_alias_set=
ac_cv_env_host_alias_value=
ac_cv_env_target_alias_set=
ac_cv_env_target_alias_value=
ac_cv_file__Users_giovanniroversi_lib_saxon9_jar=no
ac_cv_file__Users_giovanniroversi_lib_saxon9he_jar=no
ac_cv_file__opt_local_share_java_saxon9he_jar=yes
ac_cv_host=aarch64-apple-darwin22.4.0
ac_cv_path_BC=/usr/bin/bc
ac_cv_path_CGFLOOKUP=/usr/local/bin/cgflookup
ac_cv_path_CG_MWESPLIT=/usr/local/bin/cg-mwesplit
ac_cv_path_CG_RELABEL=/usr/local/bin/cg-relabel
ac_cv_path_DIFFTOOL=/usr/bin/opendiff
ac_cv_path_DIVVUN_CHECKER=/usr/local/bin/divvun-checker
ac_cv_path_DIVVUN_VALIDATE_SUGGEST=/usr/local/bin/divvun-validate-suggest
ac_cv_path_FLOOKUP=/usr/local/bin/flookup
ac_cv_path_FOMA=/usr/local/bin/foma
ac_cv_path_GAWK=/opt/homebrew/bin/gawk
ac_cv_path_GIELLA_CORE_VERSION=/Users/giovanniroversi/Documents/Scuola/Research/GiellaT/langtech_PMQ_TEST/lang-crk/./../giella-core/scripts/gt-version.sh
ac_cv_path_GTCORESH=/usr/local/bin/gt-core.sh
ac_cv_path_GZIP=/usr/bin/gzip
ac_cv_path_HFST_COMPOSE=/usr/local/bin/hfst-compose
ac_cv_path_HFST_COMPOSE_INTERSECT=/usr/local/bin/hfst-compose-intersect
ac_cv_path_HFST_CONCATENATE=/usr/local/bin/hfst-concatenate
ac_cv_path_HFST_CONJUNCT=/usr/local/bin/hfst-conjunct
ac_cv_path_HFST_DETERMINIZE=/usr/local/bin/hfst-determinize
ac_cv_path_HFST_DISJUNCT=/usr/local/bin/hfst-disjunct
ac_cv_path_HFST_FOMA=false
ac_cv_path_HFST_FST2FST=/usr/local/bin/hfst-fst2fst
ac_cv_path_HFST_FST2STRINGS=/usr/local/bin/hfst-fst2strings
ac_cv_path_HFST_FST2TXT=/usr/local/bin/hfst-fst2txt
ac_cv_path_HFST_INFO=/usr/local/bin/hfst-info
ac_cv_path_HFST_INTERSECT=/usr/local/bin/hfst-intersect
ac_cv_path_HFST_INVERT=/usr/local/bin/hfst-invert
ac_cv_path_HFST_LEXC=/usr/local/bin/hfst-lexc
ac_cv_path_HFST_LOOKUP=/usr/local/bin/hfst-lookup
ac_cv_path_HFST_MINIMIZE=/usr/local/bin/hfst-minimize
ac_cv_path_HFST_MINUS=/usr/local/bin/hfst-minus
ac_cv_path_HFST_MULTIPLY=/usr/local/bin/hfst-multiply
ac_cv_path_HFST_NAME=/usr/local/bin/hfst-name
ac_cv_path_HFST_OPTIMIZED_LOOKUP=/usr/local/bin/hfst-optimized-lookup
ac_cv_path_HFST_OSPELL=/usr/local/bin/hfst-ospell
ac_cv_path_HFST_PAIR_TEST=/usr/local/bin/hfst-pair-test
ac_cv_path_HFST_PMATCH2FST=/usr/local/bin/hfst-pmatch2fst
ac_cv_path_HFST_PROC=/usr/local/bin/hfst-proc
ac_cv_path_HFST_PROJECT=/usr/local/bin/hfst-project
ac_cv_path_HFST_PRUNE_ALPHABET=/usr/local/bin/hfst-prune-alphabet
ac_cv_path_HFST_PUSH_WEIGHTS=/usr/local/bin/hfst-push-weights
ac_cv_path_HFST_REGEXP2FST=/usr/local/bin/hfst-regexp2fst
ac_cv_path_HFST_REMOVE_EPSILONS=/usr/local/bin/hfst-remove-epsilons
ac_cv_path_HFST_REPEAT=/usr/local/bin/hfst-repeat
ac_cv_path_HFST_REVERSE=/usr/local/bin/hfst-reverse
ac_cv_path_HFST_REWEIGHT=/usr/local/bin/hfst-reweight
ac_cv_path_HFST_SPLIT=/usr/local/bin/hfst-split
ac_cv_path_HFST_STRINGS2FST=/usr/local/bin/hfst-strings2fst
ac_cv_path_HFST_SUBSTITUTE=/usr/local/bin/hfst-substitute
ac_cv_path_HFST_SUBTRACT=/usr/local/bin/hfst-subtract
ac_cv_path_HFST_SUMMARIZE=/usr/local/bin/hfst-summarize
ac_cv_path_HFST_TOKENISE=/usr/local/bin/hfst-tokenize
ac_cv_path_HFST_TWOLC=/usr/local/bin/hfst-twolc
ac_cv_path_HFST_TXT2FST=/usr/local/bin/hfst-txt2fst
ac_cv_path_HFST_XFST=/usr/local/bin/hfst-xfst
ac_cv_path_JV=/usr/bin/java
ac_cv_path_LEXC=false
ac_cv_path_LOOKUP=false
ac_cv_path_NPM=/usr/local/bin/npm
ac_cv_path_PATGEN=false
ac_cv_path_PERL=/usr/bin/perl
ac_cv_path_PRINTF=/usr/bin/printf
ac_cv_path_PYTHON=/Users/giovanniroversi/.pyenv/shims/python
ac_cv_path_R=/usr/local/bin/R
ac_cv_path_RSYNC=/usr/bin/rsync
ac_cv_path_SAXON=false
ac_cv_path_SED=/usr/bin/sed
ac_cv_path_TAR=/usr/bin/tar
ac_cv_path_TWOLC=false
ac_cv_path_UCONV=/opt/homebrew/opt/icu4c/bin/uconv
ac_cv_path_VISLCG3=/usr/local/bin/vislcg3
ac_cv_path_VISLCG3_COMP=/usr/local/bin/cg-comp
ac_cv_path_VOIKKOGC=false
ac_cv_path_VOIKKOHYPHENATE=false
ac_cv_path_VOIKKOSPELL=false
ac_cv_path_VOIKKOVFSTC=false
ac_cv_path_WGET=no
ac_cv_path_XFST=false
ac_cv_path_XZ=/opt/homebrew/bin/xz
ac_cv_path_ZIP=/usr/bin/zip
ac_cv_path_install='/usr/bin/install -c'
ac_cv_prog_AWK=gawk
ac_cv_prog_make_make_set=yes
am_cv_make_support_nested_variables=yes
am_cv_pathless_PYTHON=python
am_cv_prog_tar_pax=gnutar
am_cv_python_platform=darwin
am_cv_python_pyexecdir='${PYTHON_EXEC_PREFIX}/lib/python3.11/site-packages'
am_cv_python_pythondir='${PYTHON_PREFIX}/lib/python3.11/site-packages'
am_cv_python_version=3.11

## ----------------- ##
## Output variables. ##
## ----------------- ##

ACLOCAL='${SHELL} '\''/Users/giovanniroversi/Documents/Scuola/Research/GiellaT/langtech_PMQ_TEST/lang-crk/build-aux/missing'\'' aclocal-1.16'
ALT_ORTHS='macron'
ALT_WSS='Cans'
AMTAR='$${TAR-tar}'
AM_BACKSLASH='\'
AM_DEFAULT_V='$(AM_DEFAULT_VERBOSITY)'
AM_DEFAULT_VERBOSITY='0'
AM_V='$(V)'
AREAS=''
AUTOCONF='${SHELL} '\''/Users/giovanniroversi/Documents/Scuola/Research/GiellaT/langtech_PMQ_TEST/lang-crk/build-aux/missing'\'' autoconf'
AUTOHEADER='${SHELL} '\''/Users/giovanniroversi/Documents/Scuola/Research/GiellaT/langtech_PMQ_TEST/lang-crk/build-aux/missing'\'' autoheader'
AUTOMAKE='${SHELL} '\''/Users/giovanniroversi/Documents/Scuola/Research/GiellaT/langtech_PMQ_TEST/lang-crk/build-aux/missing'\'' automake-1.16'
AWK='gawk'
BC='/usr/bin/bc'
CAN_CGMT_FALSE=''
CAN_CGMT_TRUE='#'
CAN_FOMA_FALSE=''
CAN_FOMA_SPELLER_FALSE=''
CAN_FOMA_SPELLER_TRUE='#'
CAN_FOMA_TRUE='#'
CAN_FORREST_VALIDATE_FALSE=''
CAN_FORREST_VALIDATE_TRUE='#'
CAN_HFST_FALSE='#'
CAN_HFST_TRUE=''
CAN_JAVA_FALSE='#'
CAN_JAVA_TRUE=''
CAN_LOCALSYNC_FALSE='#'
CAN_LOCALSYNC_TRUE=''
CAN_MERGE_FALSE='#'
CAN_MERGE_TRUE=''
CAN_REMOTE_SYNC_FALSE='#'
CAN_REMOTE_SYNC_TRUE=''
CAN_SAXON_FALSE=''
CAN_SAXON_TRUE='#'
CAN_VFST_FALSE=''
CAN_VFST_TRUE='#'
CAN_VISLCG_FALSE='#'
CAN_VISLCG_TRUE=''
CAN_XFST_FALSE=''
CAN_XFST_TRUE='#'
CAN_XZ_FALSE='#'
CAN_XZ_TRUE=''
CAN_YAML_TEST_FALSE=''
CAN_YAML_TEST_TRUE='#'
CGFLOOKUP='/usr/local/bin/cgflookup'
CG_MWESPLIT='/usr/local/bin/cg-mwesplit'
CG_RELABEL='/usr/local/bin/cg-relabel'
CSCOPE='cscope'
CTAGS='ctags'
CYGPATH_W='echo'
CYGWINJAVAPATH='echo'
DEFAULT_ANALYSERS='no'
DEFAULT_CASE_HANDLING_FALSE=''
DEFAULT_CASE_HANDLING_TRUE='#'
DEFAULT_CUSTOM_FSTS='yes'
DEFAULT_FOMA='no'
DEFAULT_GENERATORS='no'
DEFAULT_HFST='yes'
DEFAULT_HFST_BACKEND='foma'
DEFAULT_HYPERMIN='no'
DEFAULT_ORTH='circumfl'
DEFAULT_REVERCI='yes'
DEFAULT_SPELLER_MINIMISATION='no'
DEFAULT_WS='Latn'
DEFAULT_XFST='no'
DEFS='-DPACKAGE_NAME=\"Giella\ crk\" -DPACKAGE_TARNAME=\"giella-crk\" -DPACKAGE_VERSION=\"0.2.0\" -DPACKAGE_STRING=\"Giella\ crk\ 0.2.0\" -DPACKAGE_BUGREPORT=\"feedback@divvun.no\" -DPACKAGE_URL=\"http://divvun.no\" -DPACKAGE=\"giella-crk\" -DVERSION=\"0.2.0\"'
DIALECTS=''
DIFFTOOL='/usr/bin/opendiff'
DIVVUN_ACCURACY=''
DIVVUN_CHECKER='/usr/local/bin/divvun-checker'
DIVVUN_VALIDATE_SUGGEST='/usr/local/bin/divvun-validate-suggest'
ECHO_C='\c'
ECHO_N=''
ECHO_T=''
ETAGS='etags'
FLOOKUP='/usr/local/bin/flookup'
FOMA='/usr/local/bin/foma'
FORREST=''
GAWK='/opt/homebrew/bin/gawk'
GIELLA_CORE='/Users/giovanniroversi/Documents/Scuola/Research/GiellaT/langtech_PMQ_TEST/lang-crk/./../giella-core'
GIELLA_CORE_VERSION='/Users/giovanniroversi/Documents/Scuola/Research/GiellaT/langtech_PMQ_TEST/lang-crk/./../giella-core/scripts/gt-version.sh'
GLANG2='crk'
GLANG='crk'
GLANGUAGE='Plains Cree'
GTCORE='/Users/giovanniroversi/Documents/Scuola/Research/GiellaT/langtech_PMQ_TEST/lang-crk/./../giella-core'
GTCORESH='/usr/local/bin/gt-core.sh'
GTLANG2='crk'
GTLANG='crk'
GTLANGUAGE='Plains Cree'
GZIP='/usr/bin/gzip'
HAS_FOMA_FALSE='#'
HAS_FOMA_TRUE=''
HAVE_ALT_ORTHS_FALSE='#'
HAVE_ALT_ORTHS_TRUE=''
HAVE_ALT_WSS_FALSE='#'
HAVE_ALT_WSS_TRUE=''
HAVE_AREAS_FALSE=''
HAVE_AREAS_TRUE='#'
HAVE_DIALECTS_FALSE=''
HAVE_DIALECTS_TRUE='#'
HAVE_SHARED_COMMON_FALSE='#'
HAVE_SHARED_COMMON_TRUE=''
HFST_COMPOSE='/usr/local/bin/hfst-compose'
HFST_COMPOSE_INTERSECT='/usr/local/bin/hfst-compose-intersect'
HFST_CONCATENATE='/usr/local/bin/hfst-concatenate'
HFST_CONJUNCT='/usr/local/bin/hfst-conjunct'
HFST_DETERMINIZE='/usr/local/bin/hfst-determinize'
HFST_DISJUNCT='/usr/local/bin/hfst-disjunct'
HFST_FOMA='false'
HFST_FORMAT_NAME='foma'
HFST_FST2FST='/usr/local/bin/hfst-fst2fst'
HFST_FST2STRINGS='/usr/local/bin/hfst-fst2strings'
HFST_FST2TXT='/usr/local/bin/hfst-fst2txt'
HFST_INFO='/usr/local/bin/hfst-info'
HFST_INTERSECT='/usr/local/bin/hfst-intersect'
HFST_INVERT='/usr/local/bin/hfst-invert'
HFST_LEXC='/usr/local/bin/hfst-lexc'
HFST_LOOKUP='/usr/local/bin/hfst-lookup'
HFST_MINIMIZE='/usr/local/bin/hfst-minimize'
HFST_MINIMIZE_SPELLER='/usr/local/bin/hfst-remove-epsilons $(HFST_FLAGS) $(MORE_VERBOSITY) '
HFST_MINUS='/usr/local/bin/hfst-minus'
HFST_MULTIPLY='/usr/local/bin/hfst-multiply'
HFST_NAME='/usr/local/bin/hfst-name'
HFST_OPTIMIZED_LOOKUP='/usr/local/bin/hfst-optimized-lookup'
HFST_OSPELL='/usr/local/bin/hfst-ospell'
HFST_PAIR_TEST='/usr/local/bin/hfst-pair-test'
HFST_PMATCH2FST='/usr/local/bin/hfst-pmatch2fst'
HFST_PROC='/usr/local/bin/hfst-proc'
HFST_PROJECT='/usr/local/bin/hfst-project'
HFST_PRUNE_ALPHABET='/usr/local/bin/hfst-prune-alphabet'
HFST_PUSH_WEIGHTS='/usr/local/bin/hfst-push-weights'
HFST_REGEXP2FST='/usr/local/bin/hfst-regexp2fst'
HFST_REMOVE_EPSILONS='/usr/local/bin/hfst-remove-epsilons'
HFST_REPEAT='/usr/local/bin/hfst-repeat'
HFST_REVERSE='/usr/local/bin/hfst-reverse'
HFST_REWEIGHT='/usr/local/bin/hfst-reweight'
HFST_SPLIT='/usr/local/bin/hfst-split'
HFST_STRINGS2FST='/usr/local/bin/hfst-strings2fst'
HFST_SUBSTITUTE='/usr/local/bin/hfst-substitute'
HFST_SUBTRACT='/usr/local/bin/hfst-subtract'
HFST_SUMMARIZE='/usr/local/bin/hfst-summarize'
HFST_TOKENISE='/usr/local/bin/hfst-tokenize'
HFST_TWOLC='/usr/local/bin/hfst-twolc'
HFST_TXT2FST='/usr/local/bin/hfst-txt2fst'
HFST_XFST='/usr/local/bin/hfst-xfst'
INSTALL_DATA='${INSTALL} -m 644'
INSTALL_PROGRAM='${INSTALL}'
INSTALL_SCRIPT='${INSTALL}'
INSTALL_STRIP_PROGRAM='$(install_sh) -c -s'
JV='/usr/bin/java'
LEXC='false'
LEXREF_IN_PHONOLOGY_FALSE=''
LEXREF_IN_PHONOLOGY_TRUE='#'
LEXREF_IN_XFSCRIPT=''
LIBOBJS=''
LIBS=''
LOOKUP='false'
LTLIBOBJS=''
MAKEINFO='${SHELL} '\''/Users/giovanniroversi/Documents/Scuola/Research/GiellaT/langtech_PMQ_TEST/lang-crk/build-aux/missing'\'' makeinfo'
MKDIR_P='./build-aux/install-sh -c -d'
NO_PHONOLOGY=''
NPM='/usr/local/bin/npm'
ONMT_BUILD_VOCAB=''
ONMT_TRAIN=''
PACKAGE='giella-crk'
PACKAGE_BUGREPORT='feedback@divvun.no'
PACKAGE_NAME='Giella crk'
PACKAGE_STRING='Giella crk 0.2.0'
PACKAGE_TARNAME='giella-crk'
PACKAGE_URL='http://divvun.no'
PACKAGE_VERSION='0.2.0'
PATGEN='false'
PATH_SEPARATOR=':'
PERL='/usr/bin/perl'
PRINTF='/usr/bin/printf'
PYTHON='/Users/giovanniroversi/.pyenv/shims/python'
PYTHON_EXEC_PREFIX='${exec_prefix}'
PYTHON_PLATFORM='darwin'
PYTHON_PREFIX='${prefix}'
PYTHON_VERSION='3.11'
R='/usr/local/bin/R'
RSYNC='/usr/bin/rsync'
SAXON='false'
SAXONJAR='/opt/local/share/java/saxon9he.jar'
SED='/usr/bin/sed'
SEE=''
SET_MAKE=''
SHELL='/bin/sh'
SKIP_PHONOLOGY_FALSE=''
SKIP_PHONOLOGY_TRUE='#'
SPELLERVERSION='0.1.1'
STRIP=''
TAR='/usr/bin/tar'
TWOLC='false'
UCONV='/opt/homebrew/opt/icu4c/bin/uconv'
VERSION='0.2.0'
VISLCG3='/usr/local/bin/vislcg3'
VISLCG3_COMP='/usr/local/bin/cg-comp'
VOIKKOGC='false'
VOIKKOHYPHENATE='false'
VOIKKOSPELL='false'
VOIKKOVFSTC='false'
WANT_ABBR_FALSE=''
WANT_ABBR_TRUE='#'
WANT_ALT_ORTH_PROOFTOOLS_FALSE='#'
WANT_ALT_ORTH_PROOFTOOLS_TRUE=''
WANT_ANL_TOOL_FALSE=''
WANT_ANL_TOOL_TRUE='#'
WANT_APERTIUM_FALSE=''
WANT_APERTIUM_TRUE='#'
WANT_CUSTOM_FSTS_FALSE='#'
WANT_CUSTOM_FSTS_TRUE=''
WANT_DIALECTS_FALSE=''
WANT_DIALECTS_TRUE='#'
WANT_DICTIONARIES_FALSE=''
WANT_DICTIONARIES_TRUE='#'
WANT_DOWNCASEERROR_FALSE=''
WANT_DOWNCASEERROR_TRUE='#'
WANT_FST_HYPHENATOR_FALSE=''
WANT_FST_HYPHENATOR_TRUE='#'
WANT_GENERATION_FALSE=''
WANT_GENERATION_TRUE='#'
WANT_GLOSSERS_FALSE=''
WANT_GLOSSERS_TRUE='#'
WANT_GRAMCHECK_FALSE=''
WANT_GRAMCHECK_TRUE='#'
WANT_HFST_MOBILE_SPELLER_FALSE=''
WANT_HFST_MOBILE_SPELLER_TRUE='#'
WANT_HYPERMINIMISATION_FALSE=''
WANT_HYPERMINIMISATION_TRUE='#'
WANT_L2_FALSE=''
WANT_L2_TRUE='#'
WANT_LEXC_ALIGNMENT_FALSE='#'
WANT_LEXC_ALIGNMENT_TRUE=''
WANT_MORPHER_FALSE=''
WANT_MORPHER_TRUE='#'
WANT_MORPHOLOGY_FALSE=''
WANT_MORPHOLOGY_TRUE='#'
WANT_NEURAL_SPELLERS_FALSE=''
WANT_NEURAL_SPELLERS_TRUE='#'
WANT_OAHPA_FALSE=''
WANT_OAHPA_TRUE='#'
WANT_PATTERN_HYPHENATORS_FALSE=''
WANT_PATTERN_HYPHENATORS_TRUE='#'
WANT_PHONETIC_FALSE=''
WANT_PHONETIC_TRUE='#'
WANT_REVERSED_INTERSECT_FALSE='#'
WANT_REVERSED_INTERSECT_TRUE=''
WANT_SPELLERS_FALSE=''
WANT_SPELLERS_TRUE='#'
WANT_SYNTAX_FALSE='#'
WANT_SYNTAX_TRUE=''
WANT_TOKENISERS_FALSE=''
WANT_TOKENISERS_TRUE='#'
WANT_TRANSCRIPTORS_FALSE='#'
WANT_TRANSCRIPTORS_TRUE=''
WANT_TTS_FALSE=''
WANT_TTS_TRUE='#'
WANT_TWOSTEP_INTERSECT_FALSE=''
WANT_TWOSTEP_INTERSECT_TRUE='#'
WGET='no'
WITH_FOMA_FALSE='#'
WITH_FOMA_TRUE=''
WITH_OFST_LOG_FALSE=''
WITH_OFST_LOG_TRUE='#'
WITH_OFST_TROPICAL_FALSE=''
WITH_OFST_TROPICAL_TRUE='#'
WITH_SFST_FALSE=''
WITH_SFST_TRUE='#'
XFST='false'
XZ='/opt/homebrew/bin/xz'
ZIP='/usr/bin/zip'
am__isrc=''
am__leading_dot='.'
am__tar='tar --format=posix -chf - "$$tardir"'
am__untar='tar -xf -'
bindir='${exec_prefix}/bin'
build='aarch64-apple-darwin22.4.0'
build_alias=''
build_cpu='aarch64'
build_os='darwin22.4.0'
build_vendor='apple'
datadir='${datarootdir}'
datarootdir='${prefix}/share'
docdir='${datarootdir}/doc/${PACKAGE_TARNAME}'
dvidir='${docdir}'
exec_prefix='${prefix}'
gt_SHARED_common='/Users/giovanniroversi/Documents/Scuola/Research/GiellaT/langtech_PMQ_TEST/lang-crk/./../shared-mul'
host='aarch64-apple-darwin22.4.0'
host_alias=''
host_cpu='aarch64'
host_os='darwin22.4.0'
host_vendor='apple'
htmldir='${docdir}'
ifGNUmake=''
includedir='${prefix}/include'
infodir='${datarootdir}/info'
install_sh='${SHELL} /Users/giovanniroversi/Documents/Scuola/Research/GiellaT/langtech_PMQ_TEST/lang-crk/build-aux/install-sh'
libdir='${exec_prefix}/lib'
libexecdir='${exec_prefix}/libexec'
localedir='${datarootdir}/locale'
localstatedir='${prefix}/var'
mandir='${datarootdir}/man'
mkdir_p='$(MKDIR_P)'
oldincludedir='/usr/include'
pdfdir='${docdir}'
pkgpyexecdir='${pyexecdir}/giella-crk'
pkgpythondir='${pythondir}/giella-crk'
prefix='/usr/local'
program_transform_name='s,x,x,'
psdir='${docdir}'
pyexecdir='${PYTHON_EXEC_PREFIX}/lib/python3.11/site-packages'
pythondir='${PYTHON_PREFIX}/lib/python3.11/site-packages'
runstatedir='${localstatedir}/run'
sbindir='${exec_prefix}/sbin'
sharedstatedir='${prefix}/com'
sysconfdir='${prefix}/etc'
target_alias=''

## ----------- ##
## confdefs.h. ##
## ----------- ##

/* confdefs.h */
#define PACKAGE_NAME "Giella crk"
#define PACKAGE_TARNAME "giella-crk"
#define PACKAGE_VERSION "0.2.0"
#define PACKAGE_STRING "Giella crk 0.2.0"
#define PACKAGE_BUGREPORT "feedback@divvun.no"
#define PACKAGE_URL "http://divvun.no"
#define PACKAGE "giella-crk"
#define VERSION "0.2.0"

configure: exit 0

## ---------------------- ##
## Running config.status. ##
## ---------------------- ##

This file was extended by Giella crk config.status 0.2.0, which was
generated by GNU Autoconf 2.71.  Invocation command line was

  CONFIG_FILES    = 
  CONFIG_HEADERS  = 
  CONFIG_LINKS    = 
  CONFIG_COMMANDS = 
  $ ./config.status 

on MacBook-Air-3.local

config.status:1061: creating Makefile
config.status:1061: creating giella-crk.pc
config.status:1061: creating manifest.toml
config.status:1061: creating src/Makefile
config.status:1061: creating src/filters/Makefile
config.status:1061: creating src/hyphenation/Makefile
config.status:1061: creating src/fst/Makefile
config.status:1061: creating src/orthography/Makefile
config.status:1061: creating src/phonetics/Makefile
config.status:1061: creating src/phonetics/tests/Makefile
config.status:1061: creating src/cg3/Makefile
config.status:1061: creating src/tagsets/Makefile
config.status:1061: creating src/transcriptions/Makefile
config.status:1061: creating docs/Makefile
config.status:1061: creating test/Makefile
config.status:1061: creating test/tools/Makefile
config.status:1061: creating test/tools/hyphenators/Makefile
config.status:1061: creating test/tools/hyphenators/fstbased/Makefile
config.status:1061: creating test/tools/hyphenators/patternbased/Makefile
config.status:1061: creating test/tools/mt/Makefile
config.status:1061: creating test/tools/mt/apertium/Makefile
config.status:1061: creating test/tools/spellcheckers/Makefile
config.status:1061: creating test/tools/spellcheckers/fstbased/Makefile
config.status:1061: creating test/tools/spellcheckers/fstbased/desktop/Makefile
config.status:1061: creating test/tools/spellcheckers/fstbased/desktop/hfst/Makefile
